::1 - - [28/Oct/2009 17:47:20] "GET / HTTP/1.1" 200 726 0.0068
::1 - - [28/Oct/2009 17:47:20] "GET / HTTP/1.1" 200 726 0.0092
::1 - - [28/Oct/2009 17:47:21] "GET /main.css HTTP/1.1" 200 849 0.0019
::1 - - [28/Oct/2009 17:47:21] "GET /main.css HTTP/1.1" 200 849 0.0041
::1 - - [28/Oct/2009 17:47:22] "GET /favicon.ico HTTP/1.1" 404 420 0.0017
::1 - - [28/Oct/2009 17:47:22] "GET /favicon.ico HTTP/1.1" 404 420 0.0039
::1 - - [28/Oct/2009 17:47:25] "GET /favicon.ico HTTP/1.1" 404 420 0.0016
::1 - - [28/Oct/2009 17:47:25] "GET /favicon.ico HTTP/1.1" 404 420 0.0037
::1 - - [28/Oct/2009 17:49:52] "GET / HTTP/1.1" 200 730 0.0130
::1 - - [28/Oct/2009 17:49:52] "GET / HTTP/1.1" 200 730 0.0153
::1 - - [28/Oct/2009 17:49:53] "GET /main.css HTTP/1.1" 304 - 0.0013
::1 - - [28/Oct/2009 17:49:53] "GET /main.css HTTP/1.1" 304 - 0.0035
::1 - - [28/Oct/2009 18:53:17] "GET / HTTP/1.1" 200 4046 0.0361
::1 - - [28/Oct/2009 18:53:17] "GET / HTTP/1.1" 200 4046 0.0580
::1 - - [28/Oct/2009 18:53:18] "GET /main.css HTTP/1.1" 304 - 0.0013
::1 - - [28/Oct/2009 18:53:18] "GET /main.css HTTP/1.1" 304 - 0.0035
::1 - - [28/Oct/2009 18:58:29] "GET /spell HTTP/1.1" 404 414 0.0017
::1 - - [28/Oct/2009 18:58:29] "GET /spell HTTP/1.1" 404 414 0.0040
::1 - - [28/Oct/2009 18:58:30] "GET /__sinatra__/404.png HTTP/1.1" 200 23305 0.0225
::1 - - [28/Oct/2009 18:58:30] "GET /__sinatra__/404.png HTTP/1.1" 200 23305 0.0250
::1 - - [28/Oct/2009 18:58:39] "GET /spell/dog HTTP/1.1" 200 3844 1.9005
::1 - - [28/Oct/2009 18:58:39] "GET /spell/dog HTTP/1.1" 200 3844 1.9027
::1 - - [28/Oct/2009 18:59:06] "GET /spell/debra HTTP/1.1" 200 5078 2.7521
::1 - - [28/Oct/2009 18:59:06] "GET /spell/debra HTTP/1.1" 200 5078 2.7542
::1 - - [28/Oct/2009 19:20:20] "GET /spell/debra HTTP/1.1" 200 5207 2.8595
::1 - - [28/Oct/2009 19:20:20] "GET /spell/debra HTTP/1.1" 200 5207 2.8619
Auto-require of Sass is deprecated; add require 'Sass' to your app.
::1 - - [28/Oct/2009 19:20:21] "GET /stylesheets/stylesheet.css HTTP/1.1" 200 134 0.2134
::1 - - [28/Oct/2009 19:20:21] "GET /stylesheets/stylesheet.css HTTP/1.1" 200 134 0.2158
::1 - - [28/Oct/2009 19:28:59] "GET /spell/debra HTTP/1.1" 200 5207 2.7670
::1 - - [28/Oct/2009 19:28:59] "GET /spell/debra HTTP/1.1" 200 5207 2.7695
Auto-require of Sass is deprecated; add require 'Sass' to your app.
::1 - - [28/Oct/2009 19:29:00] "GET /stylesheets/stylesheet.css HTTP/1.1" 200 120 0.0459
::1 - - [28/Oct/2009 19:29:00] "GET /stylesheets/stylesheet.css HTTP/1.1" 200 120 0.0482
::1 - - [28/Oct/2009 19:29:13] "GET /spell/debra HTTP/1.1" 200 5207 2.7192
::1 - - [28/Oct/2009 19:29:13] "GET /spell/debra HTTP/1.1" 200 5207 2.7215
Auto-require of Sass is deprecated; add require 'Sass' to your app.
::1 - - [28/Oct/2009 19:29:14] "GET /stylesheets/stylesheet.css HTTP/1.1" 200 119 0.0461
::1 - - [28/Oct/2009 19:29:14] "GET /stylesheets/stylesheet.css HTTP/1.1" 200 119 0.0484
::1 - - [28/Oct/2009 19:32:02] "GET /spell/debra HTTP/1.1" 200 14599 2.7900
::1 - - [28/Oct/2009 19:32:02] "GET /spell/debra HTTP/1.1" 200 14599 2.7924
Auto-require of Sass is deprecated; add require 'Sass' to your app.
::1 - - [28/Oct/2009 19:32:03] "GET /stylesheets/stylesheet.css HTTP/1.1" 200 225 0.0502
::1 - - [28/Oct/2009 19:32:03] "GET /stylesheets/stylesheet.css HTTP/1.1" 200 225 0.0525
::1 - - [28/Oct/2009 19:32:56] "GET /spell/debra HTTP/1.1" 200 14599 2.8020
::1 - - [28/Oct/2009 19:32:56] "GET /spell/debra HTTP/1.1" 200 14599 2.8043
Auto-require of Sass is deprecated; add require 'Sass' to your app.
::1 - - [28/Oct/2009 19:32:57] "GET /stylesheets/stylesheet.css HTTP/1.1" 200 290 0.0494
::1 - - [28/Oct/2009 19:32:57] "GET /stylesheets/stylesheet.css HTTP/1.1" 200 290 0.0518
::1 - - [28/Oct/2009 19:33:09] "GET /spell/debra HTTP/1.1" 200 14599 2.8543
::1 - - [28/Oct/2009 19:33:09] "GET /spell/debra HTTP/1.1" 200 14599 2.8567
Auto-require of Sass is deprecated; add require 'Sass' to your app.
::1 - - [28/Oct/2009 19:33:10] "GET /stylesheets/stylesheet.css HTTP/1.1" 200 305 0.0503
::1 - - [28/Oct/2009 19:33:10] "GET /stylesheets/stylesheet.css HTTP/1.1" 200 305 0.0528
::1 - - [28/Oct/2009 19:33:26] "GET /spell/debra HTTP/1.1" 200 14599 2.7896
::1 - - [28/Oct/2009 19:33:26] "GET /spell/debra HTTP/1.1" 200 14599 2.7919
Auto-require of Sass is deprecated; add require 'Sass' to your app.
::1 - - [28/Oct/2009 19:33:27] "GET /stylesheets/stylesheet.css HTTP/1.1" 200 305 0.0492
::1 - - [28/Oct/2009 19:33:27] "GET /stylesheets/stylesheet.css HTTP/1.1" 200 305 0.0516
::1 - - [28/Oct/2009 19:33:39] "GET /spell/debra HTTP/1.1" 200 14599 2.8428
::1 - - [28/Oct/2009 19:33:39] "GET /spell/debra HTTP/1.1" 200 14599 2.8452
Auto-require of Sass is deprecated; add require 'Sass' to your app.
::1 - - [28/Oct/2009 19:33:40] "GET /stylesheets/stylesheet.css HTTP/1.1" 200 305 0.0503
::1 - - [28/Oct/2009 19:33:40] "GET /stylesheets/stylesheet.css HTTP/1.1" 200 305 0.0527
::1 - - [28/Oct/2009 19:36:11] "GET /spell/debra HTTP/1.1" 200 20830 2.8478
::1 - - [28/Oct/2009 19:36:11] "GET /spell/debra HTTP/1.1" 200 20830 2.8502
Auto-require of Sass is deprecated; add require 'Sass' to your app.
::1 - - [28/Oct/2009 19:36:12] "GET /stylesheets/stylesheet.css HTTP/1.1" 200 305 0.0500
::1 - - [28/Oct/2009 19:36:12] "GET /stylesheets/stylesheet.css HTTP/1.1" 200 305 0.0522
::1 - - [28/Oct/2009 19:36:39] "GET /spell/debra HTTP/1.1" 200 14666 2.8594
::1 - - [28/Oct/2009 19:36:39] "GET /spell/debra HTTP/1.1" 200 14666 2.8618
Auto-require of Sass is deprecated; add require 'Sass' to your app.
::1 - - [28/Oct/2009 19:36:40] "GET /stylesheets/stylesheet.css HTTP/1.1" 200 305 0.0500
::1 - - [28/Oct/2009 19:36:40] "GET /stylesheets/stylesheet.css HTTP/1.1" 200 305 0.0527
SyntaxError - compile error
./views/spell.haml:14: syntax error, unexpected tIDENTIFIER, expecting ')'
_hamlout.format_script_false_true_fals...
        ^:
 views/spell.haml:14:in `render'
 application.rb:26:in `GET /spell/:phrase'
 /usr/local/bin/shotgun:19:in `load'
 /usr/local/bin/shotgun:19./views/spell.haml:14:in `render'
/usr/local/lib/ruby/gems/1.8/gems/haml-2.2.5/lib/haml/engine.rb:167:in `render'
/usr/local/lib/ruby/gems/1.8/gems/haml-2.2.5/lib/haml/engine.rb:167:in `instance_eval'
/usr/local/lib/ruby/gems/1.8/gems/haml-2.2.5/lib/haml/engine.rb:167:in `render'
/usr/local/lib/ruby/gems/1.8/gems/sinatra-0.9.4/lib/sinatra/base.rb:323:in `render_haml'
/usr/local/lib/ruby/gems/1.8/gems/sinatra-0.9.4/lib/sinatra/base.rb:265:in `__send__'
/usr/local/lib/ruby/gems/1.8/gems/sinatra-0.9.4/lib/sinatra/base.rb:265:in `render'
/usr/local/lib/ruby/gems/1.8/gems/sinatra-0.9.4/lib/sinatra/compat.rb:131:in `render'
/usr/local/lib/ruby/gems/1.8/gems/sinatra-0.9.4/lib/sinatra/base.rb:234:in `haml'
./application.rb:26:in `GET /spell/:phrase'
/usr/local/lib/ruby/gems/1.8/gems/sinatra-0.9.4/lib/sinatra/base.rb:779:in `call'
/usr/local/lib/ruby/gems/1.8/gems/sinatra-0.9.4/lib/sinatra/base.rb:779:in `route'
/usr/local/lib/ruby/gems/1.8/gems/sinatra-0.9.4/lib/sinatra/base.rb:474:in `instance_eval'
/usr/local/lib/ruby/gems/1.8/gems/sinatra-0.9.4/lib/sinatra/base.rb:474:in `route_eval'
/usr/local/lib/ruby/gems/1.8/gems/sinatra-0.9.4/lib/sinatra/base.rb:463:in `route!'
/usr/local/lib/ruby/gems/1.8/gems/sinatra-0.9.4/lib/sinatra/base.rb:460:in `catch'
/usr/local/lib/ruby/gems/1.8/gems/sinatra-0.9.4/lib/sinatra/base.rb:460:in `route!'
/usr/local/lib/ruby/gems/1.8/gems/sinatra-0.9.4/lib/sinatra/base.rb:439:in `each'
/usr/local/lib/ruby/gems/1.8/gems/sinatra-0.9.4/lib/sinatra/base.rb:439:in `route!'
/usr/local/lib/ruby/gems/1.8/gems/sinatra-0.9.4/lib/sinatra/base.rb:555:in `dispatch!'
/usr/local/lib/ruby/gems/1.8/gems/sinatra-0.9.4/lib/sinatra/base.rb:375:in `call!'
/usr/local/lib/ruby/gems/1.8/gems/sinatra-0.9.4/lib/sinatra/base.rb:522:in `instance_eval'
/usr/local/lib/ruby/gems/1.8/gems/sinatra-0.9.4/lib/sinatra/base.rb:522:in `invoke'
/usr/local/lib/ruby/gems/1.8/gems/sinatra-0.9.4/lib/sinatra/base.rb:522:in `catch'
/usr/local/lib/ruby/gems/1.8/gems/sinatra-0.9.4/lib/sinatra/base.rb:522:in `invoke'
/usr/local/lib/ruby/gems/1.8/gems/sinatra-0.9.4/lib/sinatra/compat.rb:138:in `invoke'
/usr/local/lib/ruby/gems/1.8/gems/sinatra-0.9.4/lib/sinatra/base.rb:375:in `call!'
/usr/local/lib/ruby/gems/1.8/gems/sinatra-0.9.4/lib/sinatra/base.rb:364:in `call'
/usr/local/lib/ruby/gems/1.8/gems/rack-1.0.0/lib/rack/methodoverride.rb:24:in `call'
/usr/local/lib/ruby/gems/1.8/gems/rack-1.0.0/lib/rack/commonlogger.rb:20:in `_call'
/usr/local/lib/ruby/gems/1.8/gems/rack-1.0.0/lib/rack/commonlogger.rb:13:in `call'
/usr/local/lib/ruby/gems/1.8/gems/sinatra-0.9.4/lib/sinatra/base.rb:898:in `call'
/usr/local/lib/ruby/gems/1.8/gems/sinatra-0.9.4/lib/sinatra/base.rb:943:in `synchronize'
/usr/local/lib/ruby/gems/1.8/gems/sinatra-0.9.4/lib/sinatra/base.rb:898:in `call'
/usr/local/lib/ruby/gems/1.8/gems/rack-1.0.0/lib/rack/lint.rb:47:in `_call'
/usr/local/lib/ruby/gems/1.8/gems/rack-1.0.0/lib/rack/lint.rb:35:in `call'
/usr/local/lib/ruby/gems/1.8/gems/rack-1.0.0/lib/rack/showexceptions.rb:24:in `call'
/usr/local/lib/ruby/gems/1.8/gems/rack-1.0.0/lib/rack/commonlogger.rb:20:in `_call'
/usr/local/lib/ruby/gems/1.8/gems/rack-1.0.0/lib/rack/commonlogger.rb:13:in `call'
/usr/local/lib/ruby/gems/1.8/gems/shotgun-0.4/lib/shotgun.rb:61:in `proceed_as_child'
/usr/local/lib/ruby/gems/1.8/gems/shotgun-0.4/lib/shotgun.rb:29:in `call!'
/usr/local/lib/ruby/gems/1.8/gems/shotgun-0.4/lib/shotgun.rb:15:in `call'
/usr/local/lib/ruby/gems/1.8/gems/rack-1.0.0/lib/rack/content_length.rb:13:in `call'
/usr/local/lib/ruby/gems/1.8/gems/rack-1.0.0/lib/rack/chunked.rb:15:in `call'
/usr/local/lib/ruby/gems/1.8/gems/rack-1.0.0/lib/rack/handler/mongrel.rb:61:in `process'
/usr/local/lib/ruby/gems/1.8/gems/mongrel-1.1.5/lib/mongrel.rb:159:in `process_client'
/usr/local/lib/ruby/gems/1.8/gems/mongrel-1.1.5/lib/mongrel.rb:158:in `each'
/usr/local/lib/ruby/gems/1.8/gems/mongrel-1.1.5/lib/mongrel.rb:158:in `process_client'
/usr/local/lib/ruby/gems/1.8/gems/mongrel-1.1.5/lib/mongrel.rb:285:in `run'
/usr/local/lib/ruby/gems/1.8/gems/mongrel-1.1.5/lib/mongrel.rb:285:in `initialize'
/usr/local/lib/ruby/gems/1.8/gems/mongrel-1.1.5/lib/mongrel.rb:285:in `new'
/usr/local/lib/ruby/gems/1.8/gems/mongrel-1.1.5/lib/mongrel.rb:285:in `run'
/usr/local/lib/ruby/gems/1.8/gems/mongrel-1.1.5/lib/mongrel.rb:268:in `initialize'
/usr/local/lib/ruby/gems/1.8/gems/mongrel-1.1.5/lib/mongrel.rb:268:in `new'
/usr/local/lib/ruby/gems/1.8/gems/mongrel-1.1.5/lib/mongrel.rb:268:in `run'
/usr/local/lib/ruby/gems/1.8/gems/rack-1.0.0/lib/rack/handler/mongrel.rb:34:in `run'
/usr/local/lib/ruby/gems/1.8/gems/shotgun-0.4/bin/shotgun:129
/usr/local/bin/shotgun:19:in `load'
/usr/local/bin/shotgun:19
::1 - - [28/Oct/2009 19:41:13] "GET /spell/debra HTTP/1.1" 500 17 0.0080
::1 - - [28/Oct/2009 19:41:13] "GET /spell/debra HTTP/1.1" 500 17 0.0103
SyntaxError - compile error
./views/spell.haml:14: syntax error, unexpected tIDENTIFIER, expecting ')'
_hamlout.format_script_false_true_fals...
        ^:
 views/spell.haml:14:in `render'
 application.rb:26:in `GET /spell/:phrase'
 /usr/local/bin/shotgun:19:in `load'
 /usr/local/bin/shotgun:19./views/spell.haml:14:in `render'
/usr/local/lib/ruby/gems/1.8/gems/haml-2.2.5/lib/haml/engine.rb:167:in `render'
/usr/local/lib/ruby/gems/1.8/gems/haml-2.2.5/lib/haml/engine.rb:167:in `instance_eval'
/usr/local/lib/ruby/gems/1.8/gems/haml-2.2.5/lib/haml/engine.rb:167:in `render'
/usr/local/lib/ruby/gems/1.8/gems/sinatra-0.9.4/lib/sinatra/base.rb:323:in `render_haml'
/usr/local/lib/ruby/gems/1.8/gems/sinatra-0.9.4/lib/sinatra/base.rb:265:in `__send__'
/usr/local/lib/ruby/gems/1.8/gems/sinatra-0.9.4/lib/sinatra/base.rb:265:in `render'
/usr/local/lib/ruby/gems/1.8/gems/sinatra-0.9.4/lib/sinatra/compat.rb:131:in `render'
/usr/local/lib/ruby/gems/1.8/gems/sinatra-0.9.4/lib/sinatra/base.rb:234:in `haml'
./application.rb:26:in `GET /spell/:phrase'
/usr/local/lib/ruby/gems/1.8/gems/sinatra-0.9.4/lib/sinatra/base.rb:779:in `call'
/usr/local/lib/ruby/gems/1.8/gems/sinatra-0.9.4/lib/sinatra/base.rb:779:in `route'
/usr/local/lib/ruby/gems/1.8/gems/sinatra-0.9.4/lib/sinatra/base.rb:474:in `instance_eval'
/usr/local/lib/ruby/gems/1.8/gems/sinatra-0.9.4/lib/sinatra/base.rb:474:in `route_eval'
/usr/local/lib/ruby/gems/1.8/gems/sinatra-0.9.4/lib/sinatra/base.rb:463:in `route!'
/usr/local/lib/ruby/gems/1.8/gems/sinatra-0.9.4/lib/sinatra/base.rb:460:in `catch'
/usr/local/lib/ruby/gems/1.8/gems/sinatra-0.9.4/lib/sinatra/base.rb:460:in `route!'
/usr/local/lib/ruby/gems/1.8/gems/sinatra-0.9.4/lib/sinatra/base.rb:439:in `each'
/usr/local/lib/ruby/gems/1.8/gems/sinatra-0.9.4/lib/sinatra/base.rb:439:in `route!'
/usr/local/lib/ruby/gems/1.8/gems/sinatra-0.9.4/lib/sinatra/base.rb:555:in `dispatch!'
/usr/local/lib/ruby/gems/1.8/gems/sinatra-0.9.4/lib/sinatra/base.rb:375:in `call!'
/usr/local/lib/ruby/gems/1.8/gems/sinatra-0.9.4/lib/sinatra/base.rb:522:in `instance_eval'
/usr/local/lib/ruby/gems/1.8/gems/sinatra-0.9.4/lib/sinatra/base.rb:522:in `invoke'
/usr/local/lib/ruby/gems/1.8/gems/sinatra-0.9.4/lib/sinatra/base.rb:522:in `catch'
/usr/local/lib/ruby/gems/1.8/gems/sinatra-0.9.4/lib/sinatra/base.rb:522:in `invoke'
/usr/local/lib/ruby/gems/1.8/gems/sinatra-0.9.4/lib/sinatra/compat.rb:138:in `invoke'
/usr/local/lib/ruby/gems/1.8/gems/sinatra-0.9.4/lib/sinatra/base.rb:375:in `call!'
/usr/local/lib/ruby/gems/1.8/gems/sinatra-0.9.4/lib/sinatra/base.rb:364:in `call'
/usr/local/lib/ruby/gems/1.8/gems/rack-1.0.0/lib/rack/methodoverride.rb:24:in `call'
/usr/local/lib/ruby/gems/1.8/gems/rack-1.0.0/lib/rack/commonlogger.rb:20:in `_call'
/usr/local/lib/ruby/gems/1.8/gems/rack-1.0.0/lib/rack/commonlogger.rb:13:in `call'
/usr/local/lib/ruby/gems/1.8/gems/sinatra-0.9.4/lib/sinatra/base.rb:898:in `call'
/usr/local/lib/ruby/gems/1.8/gems/sinatra-0.9.4/lib/sinatra/base.rb:943:in `synchronize'
/usr/local/lib/ruby/gems/1.8/gems/sinatra-0.9.4/lib/sinatra/base.rb:898:in `call'
/usr/local/lib/ruby/gems/1.8/gems/rack-1.0.0/lib/rack/lint.rb:47:in `_call'
/usr/local/lib/ruby/gems/1.8/gems/rack-1.0.0/lib/rack/lint.rb:35:in `call'
/usr/local/lib/ruby/gems/1.8/gems/rack-1.0.0/lib/rack/showexceptions.rb:24:in `call'
/usr/local/lib/ruby/gems/1.8/gems/rack-1.0.0/lib/rack/commonlogger.rb:20:in `_call'
/usr/local/lib/ruby/gems/1.8/gems/rack-1.0.0/lib/rack/commonlogger.rb:13:in `call'
/usr/local/lib/ruby/gems/1.8/gems/shotgun-0.4/lib/shotgun.rb:61:in `proceed_as_child'
/usr/local/lib/ruby/gems/1.8/gems/shotgun-0.4/lib/shotgun.rb:29:in `call!'
/usr/local/lib/ruby/gems/1.8/gems/shotgun-0.4/lib/shotgun.rb:15:in `call'
/usr/local/lib/ruby/gems/1.8/gems/rack-1.0.0/lib/rack/content_length.rb:13:in `call'
/usr/local/lib/ruby/gems/1.8/gems/rack-1.0.0/lib/rack/chunked.rb:15:in `call'
/usr/local/lib/ruby/gems/1.8/gems/rack-1.0.0/lib/rack/handler/mongrel.rb:61:in `process'
/usr/local/lib/ruby/gems/1.8/gems/mongrel-1.1.5/lib/mongrel.rb:159:in `process_client'
/usr/local/lib/ruby/gems/1.8/gems/mongrel-1.1.5/lib/mongrel.rb:158:in `each'
/usr/local/lib/ruby/gems/1.8/gems/mongrel-1.1.5/lib/mongrel.rb:158:in `process_client'
/usr/local/lib/ruby/gems/1.8/gems/mongrel-1.1.5/lib/mongrel.rb:285:in `run'
/usr/local/lib/ruby/gems/1.8/gems/mongrel-1.1.5/lib/mongrel.rb:285:in `initialize'
/usr/local/lib/ruby/gems/1.8/gems/mongrel-1.1.5/lib/mongrel.rb:285:in `new'
/usr/local/lib/ruby/gems/1.8/gems/mongrel-1.1.5/lib/mongrel.rb:285:in `run'
/usr/local/lib/ruby/gems/1.8/gems/mongrel-1.1.5/lib/mongrel.rb:268:in `initialize'
/usr/local/lib/ruby/gems/1.8/gems/mongrel-1.1.5/lib/mongrel.rb:268:in `new'
/usr/local/lib/ruby/gems/1.8/gems/mongrel-1.1.5/lib/mongrel.rb:268:in `run'
/usr/local/lib/ruby/gems/1.8/gems/rack-1.0.0/lib/rack/handler/mongrel.rb:34:in `run'
/usr/local/lib/ruby/gems/1.8/gems/shotgun-0.4/bin/shotgun:129
/usr/local/bin/shotgun:19:in `load'
/usr/local/bin/shotgun:19
::1 - - [28/Oct/2009 19:42:13] "GET /spell/debra HTTP/1.1" 500 17 0.0063
::1 - - [28/Oct/2009 19:42:13] "GET /spell/debra HTTP/1.1" 500 17 0.0087
Exception `SyntaxError' at ./views/spell.haml:14 - compile error
./views/spell.haml:14: syntax error, unexpected tIDENTIFIER, expecting ')'
_hamlout.format_script_false_true_fals...
        ^
Exception `SyntaxError' at /usr/local/lib/ruby/gems/1.8/gems/haml-2.2.5/lib/haml/engine.rb:177 - compile error
./views/spell.haml:14: syntax error, unexpected tIDENTIFIER, expecting ')'
_hamlout.format_script_false_true_fals...
        ^
SyntaxError - compile error
./views/spell.haml:14: syntax error, unexpected tIDENTIFIER, expecting ')'
_hamlout.format_script_false_true_fals...
        ^:
 views/spell.haml:14:in `render'
 application.rb:26:in `GET /spell/:phrase'
 /usr/local/bin/shotgun:19:in `load'
 /usr/local/bin/shotgun:19./views/spell.haml:14:in `render'
/usr/local/lib/ruby/gems/1.8/gems/haml-2.2.5/lib/haml/engine.rb:167:in `render'
/usr/local/lib/ruby/gems/1.8/gems/haml-2.2.5/lib/haml/engine.rb:167:in `instance_eval'
/usr/local/lib/ruby/gems/1.8/gems/haml-2.2.5/lib/haml/engine.rb:167:in `render'
/usr/local/lib/ruby/gems/1.8/gems/sinatra-0.9.4/lib/sinatra/base.rb:323:in `render_haml'
/usr/local/lib/ruby/gems/1.8/gems/sinatra-0.9.4/lib/sinatra/base.rb:265:in `__send__'
/usr/local/lib/ruby/gems/1.8/gems/sinatra-0.9.4/lib/sinatra/base.rb:265:in `render'
/usr/local/lib/ruby/gems/1.8/gems/sinatra-0.9.4/lib/sinatra/compat.rb:131:in `render'
/usr/local/lib/ruby/gems/1.8/gems/sinatra-0.9.4/lib/sinatra/base.rb:234:in `haml'
./application.rb:26:in `GET /spell/:phrase'
/usr/local/lib/ruby/gems/1.8/gems/sinatra-0.9.4/lib/sinatra/base.rb:779:in `call'
/usr/local/lib/ruby/gems/1.8/gems/sinatra-0.9.4/lib/sinatra/base.rb:779:in `route'
/usr/local/lib/ruby/gems/1.8/gems/sinatra-0.9.4/lib/sinatra/base.rb:474:in `instance_eval'
/usr/local/lib/ruby/gems/1.8/gems/sinatra-0.9.4/lib/sinatra/base.rb:474:in `route_eval'
/usr/local/lib/ruby/gems/1.8/gems/sinatra-0.9.4/lib/sinatra/base.rb:463:in `route!'
/usr/local/lib/ruby/gems/1.8/gems/sinatra-0.9.4/lib/sinatra/base.rb:460:in `catch'
/usr/local/lib/ruby/gems/1.8/gems/sinatra-0.9.4/lib/sinatra/base.rb:460:in `route!'
/usr/local/lib/ruby/gems/1.8/gems/sinatra-0.9.4/lib/sinatra/base.rb:439:in `each'
/usr/local/lib/ruby/gems/1.8/gems/sinatra-0.9.4/lib/sinatra/base.rb:439:in `route!'
/usr/local/lib/ruby/gems/1.8/gems/sinatra-0.9.4/lib/sinatra/base.rb:555:in `dispatch!'
/usr/local/lib/ruby/gems/1.8/gems/sinatra-0.9.4/lib/sinatra/base.rb:375:in `call!'
/usr/local/lib/ruby/gems/1.8/gems/sinatra-0.9.4/lib/sinatra/base.rb:522:in `instance_eval'
/usr/local/lib/ruby/gems/1.8/gems/sinatra-0.9.4/lib/sinatra/base.rb:522:in `invoke'
/usr/local/lib/ruby/gems/1.8/gems/sinatra-0.9.4/lib/sinatra/base.rb:522:in `catch'
/usr/local/lib/ruby/gems/1.8/gems/sinatra-0.9.4/lib/sinatra/base.rb:522:in `invoke'
/usr/local/lib/ruby/gems/1.8/gems/sinatra-0.9.4/lib/sinatra/compat.rb:138:in `invoke'
/usr/local/lib/ruby/gems/1.8/gems/sinatra-0.9.4/lib/sinatra/base.rb:375:in `call!'
/usr/local/lib/ruby/gems/1.8/gems/sinatra-0.9.4/lib/sinatra/base.rb:364:in `call'
/usr/local/lib/ruby/gems/1.8/gems/rack-1.0.0/lib/rack/methodoverride.rb:24:in `call'
/usr/local/lib/ruby/gems/1.8/gems/rack-1.0.0/lib/rack/commonlogger.rb:20:in `_call'
/usr/local/lib/ruby/gems/1.8/gems/rack-1.0.0/lib/rack/commonlogger.rb:13:in `call'
/usr/local/lib/ruby/gems/1.8/gems/sinatra-0.9.4/lib/sinatra/base.rb:898:in `call'
/usr/local/lib/ruby/gems/1.8/gems/sinatra-0.9.4/lib/sinatra/base.rb:943:in `synchronize'
/usr/local/lib/ruby/gems/1.8/gems/sinatra-0.9.4/lib/sinatra/base.rb:898:in `call'
/usr/local/lib/ruby/gems/1.8/gems/rack-1.0.0/lib/rack/lint.rb:47:in `_call'
/usr/local/lib/ruby/gems/1.8/gems/rack-1.0.0/lib/rack/lint.rb:35:in `call'
/usr/local/lib/ruby/gems/1.8/gems/rack-1.0.0/lib/rack/showexceptions.rb:24:in `call'
/usr/local/lib/ruby/gems/1.8/gems/rack-1.0.0/lib/rack/commonlogger.rb:20:in `_call'
/usr/local/lib/ruby/gems/1.8/gems/rack-1.0.0/lib/rack/commonlogger.rb:13:in `call'
/usr/local/lib/ruby/gems/1.8/gems/shotgun-0.4/lib/shotgun.rb:61:in `proceed_as_child'
/usr/local/lib/ruby/gems/1.8/gems/shotgun-0.4/lib/shotgun.rb:29:in `call!'
/usr/local/lib/ruby/gems/1.8/gems/shotgun-0.4/lib/shotgun.rb:15:in `call'
/usr/local/lib/ruby/gems/1.8/gems/rack-1.0.0/lib/rack/content_length.rb:13:in `call'
/usr/local/lib/ruby/gems/1.8/gems/rack-1.0.0/lib/rack/chunked.rb:15:in `call'
/usr/local/lib/ruby/gems/1.8/gems/rack-1.0.0/lib/rack/handler/mongrel.rb:61:in `process'
/usr/local/lib/ruby/gems/1.8/gems/mongrel-1.1.5/lib/mongrel.rb:159:in `process_client'
/usr/local/lib/ruby/gems/1.8/gems/mongrel-1.1.5/lib/mongrel.rb:158:in `each'
/usr/local/lib/ruby/gems/1.8/gems/mongrel-1.1.5/lib/mongrel.rb:158:in `process_client'
/usr/local/lib/ruby/gems/1.8/gems/mongrel-1.1.5/lib/mongrel.rb:285:in `run'
/usr/local/lib/ruby/gems/1.8/gems/mongrel-1.1.5/lib/mongrel.rb:285:in `initialize'
/usr/local/lib/ruby/gems/1.8/gems/mongrel-1.1.5/lib/mongrel.rb:285:in `new'
/usr/local/lib/ruby/gems/1.8/gems/mongrel-1.1.5/lib/mongrel.rb:285:in `run'
/usr/local/lib/ruby/gems/1.8/gems/mongrel-1.1.5/lib/mongrel.rb:268:in `initialize'
/usr/local/lib/ruby/gems/1.8/gems/mongrel-1.1.5/lib/mongrel.rb:268:in `new'
/usr/local/lib/ruby/gems/1.8/gems/mongrel-1.1.5/lib/mongrel.rb:268:in `run'
/usr/local/lib/ruby/gems/1.8/gems/rack-1.0.0/lib/rack/handler/mongrel.rb:34:in `run'
/usr/local/lib/ruby/gems/1.8/gems/shotgun-0.4/bin/shotgun:129
/usr/local/bin/shotgun:19:in `load'
/usr/local/bin/shotgun:19
::1 - - [28/Oct/2009 19:42:49] "GET /spell/debra HTTP/1.1" 500 17 0.0062
::1 - - [28/Oct/2009 19:42:49] "GET /spell/debra HTTP/1.1" 500 17 0.0086
Exception `SyntaxError' at ./views/spell.haml:14 - compile error
./views/spell.haml:14: syntax error, unexpected tIDENTIFIER, expecting ')'
_hamlout.format_script_false_true_fals...
        ^
Exception `SyntaxError' at /usr/local/lib/ruby/gems/1.8/gems/haml-2.2.5/lib/haml/engine.rb:177 - compile error
./views/spell.haml:14: syntax error, unexpected tIDENTIFIER, expecting ')'
_hamlout.format_script_false_true_fals...
        ^
SyntaxError - compile error
./views/spell.haml:14: syntax error, unexpected tIDENTIFIER, expecting ')'
_hamlout.format_script_false_true_fals...
        ^:
 views/spell.haml:14:in `render'
 application.rb:26:in `GET /spell/:phrase'
 /usr/local/bin/shotgun:19:in `load'
 /usr/local/bin/shotgun:19./views/spell.haml:14:in `render'
/usr/local/lib/ruby/gems/1.8/gems/haml-2.2.5/lib/haml/engine.rb:167:in `render'
/usr/local/lib/ruby/gems/1.8/gems/haml-2.2.5/lib/haml/engine.rb:167:in `instance_eval'
/usr/local/lib/ruby/gems/1.8/gems/haml-2.2.5/lib/haml/engine.rb:167:in `render'
/usr/local/lib/ruby/gems/1.8/gems/sinatra-0.9.4/lib/sinatra/base.rb:323:in `render_haml'
/usr/local/lib/ruby/gems/1.8/gems/sinatra-0.9.4/lib/sinatra/base.rb:265:in `__send__'
/usr/local/lib/ruby/gems/1.8/gems/sinatra-0.9.4/lib/sinatra/base.rb:265:in `render'
/usr/local/lib/ruby/gems/1.8/gems/sinatra-0.9.4/lib/sinatra/compat.rb:131:in `render'
/usr/local/lib/ruby/gems/1.8/gems/sinatra-0.9.4/lib/sinatra/base.rb:234:in `haml'
./application.rb:26:in `GET /spell/:phrase'
/usr/local/lib/ruby/gems/1.8/gems/sinatra-0.9.4/lib/sinatra/base.rb:779:in `call'
/usr/local/lib/ruby/gems/1.8/gems/sinatra-0.9.4/lib/sinatra/base.rb:779:in `route'
/usr/local/lib/ruby/gems/1.8/gems/sinatra-0.9.4/lib/sinatra/base.rb:474:in `instance_eval'
/usr/local/lib/ruby/gems/1.8/gems/sinatra-0.9.4/lib/sinatra/base.rb:474:in `route_eval'
/usr/local/lib/ruby/gems/1.8/gems/sinatra-0.9.4/lib/sinatra/base.rb:463:in `route!'
/usr/local/lib/ruby/gems/1.8/gems/sinatra-0.9.4/lib/sinatra/base.rb:460:in `catch'
/usr/local/lib/ruby/gems/1.8/gems/sinatra-0.9.4/lib/sinatra/base.rb:460:in `route!'
/usr/local/lib/ruby/gems/1.8/gems/sinatra-0.9.4/lib/sinatra/base.rb:439:in `each'
/usr/local/lib/ruby/gems/1.8/gems/sinatra-0.9.4/lib/sinatra/base.rb:439:in `route!'
/usr/local/lib/ruby/gems/1.8/gems/sinatra-0.9.4/lib/sinatra/base.rb:555:in `dispatch!'
/usr/local/lib/ruby/gems/1.8/gems/sinatra-0.9.4/lib/sinatra/base.rb:375:in `call!'
/usr/local/lib/ruby/gems/1.8/gems/sinatra-0.9.4/lib/sinatra/base.rb:522:in `instance_eval'
/usr/local/lib/ruby/gems/1.8/gems/sinatra-0.9.4/lib/sinatra/base.rb:522:in `invoke'
/usr/local/lib/ruby/gems/1.8/gems/sinatra-0.9.4/lib/sinatra/base.rb:522:in `catch'
/usr/local/lib/ruby/gems/1.8/gems/sinatra-0.9.4/lib/sinatra/base.rb:522:in `invoke'
/usr/local/lib/ruby/gems/1.8/gems/sinatra-0.9.4/lib/sinatra/compat.rb:138:in `invoke'
/usr/local/lib/ruby/gems/1.8/gems/sinatra-0.9.4/lib/sinatra/base.rb:375:in `call!'
/usr/local/lib/ruby/gems/1.8/gems/sinatra-0.9.4/lib/sinatra/base.rb:364:in `call'
/usr/local/lib/ruby/gems/1.8/gems/rack-1.0.0/lib/rack/methodoverride.rb:24:in `call'
/usr/local/lib/ruby/gems/1.8/gems/rack-1.0.0/lib/rack/commonlogger.rb:20:in `_call'
/usr/local/lib/ruby/gems/1.8/gems/rack-1.0.0/lib/rack/commonlogger.rb:13:in `call'
/usr/local/lib/ruby/gems/1.8/gems/sinatra-0.9.4/lib/sinatra/base.rb:898:in `call'
/usr/local/lib/ruby/gems/1.8/gems/sinatra-0.9.4/lib/sinatra/base.rb:943:in `synchronize'
/usr/local/lib/ruby/gems/1.8/gems/sinatra-0.9.4/lib/sinatra/base.rb:898:in `call'
/usr/local/lib/ruby/gems/1.8/gems/rack-1.0.0/lib/rack/lint.rb:47:in `_call'
/usr/local/lib/ruby/gems/1.8/gems/rack-1.0.0/lib/rack/lint.rb:35:in `call'
/usr/local/lib/ruby/gems/1.8/gems/rack-1.0.0/lib/rack/showexceptions.rb:24:in `call'
/usr/local/lib/ruby/gems/1.8/gems/rack-1.0.0/lib/rack/commonlogger.rb:20:in `_call'
/usr/local/lib/ruby/gems/1.8/gems/rack-1.0.0/lib/rack/commonlogger.rb:13:in `call'
/usr/local/lib/ruby/gems/1.8/gems/shotgun-0.4/lib/shotgun.rb:61:in `proceed_as_child'
/usr/local/lib/ruby/gems/1.8/gems/shotgun-0.4/lib/shotgun.rb:29:in `call!'
/usr/local/lib/ruby/gems/1.8/gems/shotgun-0.4/lib/shotgun.rb:15:in `call'
/usr/local/lib/ruby/gems/1.8/gems/rack-1.0.0/lib/rack/content_length.rb:13:in `call'
/usr/local/lib/ruby/gems/1.8/gems/rack-1.0.0/lib/rack/chunked.rb:15:in `call'
/usr/local/lib/ruby/gems/1.8/gems/rack-1.0.0/lib/rack/handler/mongrel.rb:61:in `process'
/usr/local/lib/ruby/gems/1.8/gems/mongrel-1.1.5/lib/mongrel.rb:159:in `process_client'
/usr/local/lib/ruby/gems/1.8/gems/mongrel-1.1.5/lib/mongrel.rb:158:in `each'
/usr/local/lib/ruby/gems/1.8/gems/mongrel-1.1.5/lib/mongrel.rb:158:in `process_client'
/usr/local/lib/ruby/gems/1.8/gems/mongrel-1.1.5/lib/mongrel.rb:285:in `run'
/usr/local/lib/ruby/gems/1.8/gems/mongrel-1.1.5/lib/mongrel.rb:285:in `initialize'
/usr/local/lib/ruby/gems/1.8/gems/mongrel-1.1.5/lib/mongrel.rb:285:in `new'
/usr/local/lib/ruby/gems/1.8/gems/mongrel-1.1.5/lib/mongrel.rb:285:in `run'
/usr/local/lib/ruby/gems/1.8/gems/mongrel-1.1.5/lib/mongrel.rb:268:in `initialize'
/usr/local/lib/ruby/gems/1.8/gems/mongrel-1.1.5/lib/mongrel.rb:268:in `new'
/usr/local/lib/ruby/gems/1.8/gems/mongrel-1.1.5/lib/mongrel.rb:268:in `run'
/usr/local/lib/ruby/gems/1.8/gems/rack-1.0.0/lib/rack/handler/mongrel.rb:34:in `run'
/usr/local/lib/ruby/gems/1.8/gems/shotgun-0.4/bin/shotgun:129
/usr/local/bin/shotgun:19:in `load'
/usr/local/bin/shotgun:19
::1 - - [28/Oct/2009 19:43:03] "GET /spell/debra HTTP/1.1" 500 17 0.0073
::1 - - [28/Oct/2009 19:43:03] "GET /spell/debra HTTP/1.1" 500 17 0.0094
Exception `SyntaxError' at ./views/spell.haml:14 - compile error
./views/spell.haml:14: syntax error, unexpected tIDENTIFIER, expecting ')'
_hamlout.format_script_false_true_fals...
        ^
Exception `SyntaxError' at /usr/local/lib/ruby/gems/1.8/gems/haml-2.2.5/lib/haml/engine.rb:177 - compile error
./views/spell.haml:14: syntax error, unexpected tIDENTIFIER, expecting ')'
_hamlout.format_script_false_true_fals...
        ^
SyntaxError - compile error
./views/spell.haml:14: syntax error, unexpected tIDENTIFIER, expecting ')'
_hamlout.format_script_false_true_fals...
        ^:
 views/spell.haml:14:in `render'
 application.rb:26:in `GET /spell/:phrase'
 /usr/local/bin/shotgun:19:in `load'
 /usr/local/bin/shotgun:19./views/spell.haml:14:in `render'
/usr/local/lib/ruby/gems/1.8/gems/haml-2.2.5/lib/haml/engine.rb:167:in `render'
/usr/local/lib/ruby/gems/1.8/gems/haml-2.2.5/lib/haml/engine.rb:167:in `instance_eval'
/usr/local/lib/ruby/gems/1.8/gems/haml-2.2.5/lib/haml/engine.rb:167:in `render'
/usr/local/lib/ruby/gems/1.8/gems/sinatra-0.9.4/lib/sinatra/base.rb:323:in `render_haml'
/usr/local/lib/ruby/gems/1.8/gems/sinatra-0.9.4/lib/sinatra/base.rb:265:in `__send__'
/usr/local/lib/ruby/gems/1.8/gems/sinatra-0.9.4/lib/sinatra/base.rb:265:in `render'
/usr/local/lib/ruby/gems/1.8/gems/sinatra-0.9.4/lib/sinatra/compat.rb:131:in `render'
/usr/local/lib/ruby/gems/1.8/gems/sinatra-0.9.4/lib/sinatra/base.rb:234:in `haml'
./application.rb:26:in `GET /spell/:phrase'
/usr/local/lib/ruby/gems/1.8/gems/sinatra-0.9.4/lib/sinatra/base.rb:779:in `call'
/usr/local/lib/ruby/gems/1.8/gems/sinatra-0.9.4/lib/sinatra/base.rb:779:in `route'
/usr/local/lib/ruby/gems/1.8/gems/sinatra-0.9.4/lib/sinatra/base.rb:474:in `instance_eval'
/usr/local/lib/ruby/gems/1.8/gems/sinatra-0.9.4/lib/sinatra/base.rb:474:in `route_eval'
/usr/local/lib/ruby/gems/1.8/gems/sinatra-0.9.4/lib/sinatra/base.rb:463:in `route!'
/usr/local/lib/ruby/gems/1.8/gems/sinatra-0.9.4/lib/sinatra/base.rb:460:in `catch'
/usr/local/lib/ruby/gems/1.8/gems/sinatra-0.9.4/lib/sinatra/base.rb:460:in `route!'
/usr/local/lib/ruby/gems/1.8/gems/sinatra-0.9.4/lib/sinatra/base.rb:439:in `each'
/usr/local/lib/ruby/gems/1.8/gems/sinatra-0.9.4/lib/sinatra/base.rb:439:in `route!'
/usr/local/lib/ruby/gems/1.8/gems/sinatra-0.9.4/lib/sinatra/base.rb:555:in `dispatch!'
/usr/local/lib/ruby/gems/1.8/gems/sinatra-0.9.4/lib/sinatra/base.rb:375:in `call!'
/usr/local/lib/ruby/gems/1.8/gems/sinatra-0.9.4/lib/sinatra/base.rb:522:in `instance_eval'
/usr/local/lib/ruby/gems/1.8/gems/sinatra-0.9.4/lib/sinatra/base.rb:522:in `invoke'
/usr/local/lib/ruby/gems/1.8/gems/sinatra-0.9.4/lib/sinatra/base.rb:522:in `catch'
/usr/local/lib/ruby/gems/1.8/gems/sinatra-0.9.4/lib/sinatra/base.rb:522:in `invoke'
/usr/local/lib/ruby/gems/1.8/gems/sinatra-0.9.4/lib/sinatra/compat.rb:138:in `invoke'
/usr/local/lib/ruby/gems/1.8/gems/sinatra-0.9.4/lib/sinatra/base.rb:375:in `call!'
/usr/local/lib/ruby/gems/1.8/gems/sinatra-0.9.4/lib/sinatra/base.rb:364:in `call'
/usr/local/lib/ruby/gems/1.8/gems/rack-1.0.0/lib/rack/methodoverride.rb:24:in `call'
/usr/local/lib/ruby/gems/1.8/gems/rack-1.0.0/lib/rack/commonlogger.rb:20:in `_call'
/usr/local/lib/ruby/gems/1.8/gems/rack-1.0.0/lib/rack/commonlogger.rb:13:in `call'
/usr/local/lib/ruby/gems/1.8/gems/sinatra-0.9.4/lib/sinatra/base.rb:898:in `call'
/usr/local/lib/ruby/gems/1.8/gems/sinatra-0.9.4/lib/sinatra/base.rb:943:in `synchronize'
/usr/local/lib/ruby/gems/1.8/gems/sinatra-0.9.4/lib/sinatra/base.rb:898:in `call'
/usr/local/lib/ruby/gems/1.8/gems/rack-1.0.0/lib/rack/lint.rb:47:in `_call'
/usr/local/lib/ruby/gems/1.8/gems/rack-1.0.0/lib/rack/lint.rb:35:in `call'
/usr/local/lib/ruby/gems/1.8/gems/rack-1.0.0/lib/rack/showexceptions.rb:24:in `call'
/usr/local/lib/ruby/gems/1.8/gems/rack-1.0.0/lib/rack/commonlogger.rb:20:in `_call'
/usr/local/lib/ruby/gems/1.8/gems/rack-1.0.0/lib/rack/commonlogger.rb:13:in `call'
/usr/local/lib/ruby/gems/1.8/gems/shotgun-0.4/lib/shotgun.rb:61:in `proceed_as_child'
/usr/local/lib/ruby/gems/1.8/gems/shotgun-0.4/lib/shotgun.rb:29:in `call!'
/usr/local/lib/ruby/gems/1.8/gems/shotgun-0.4/lib/shotgun.rb:15:in `call'
/usr/local/lib/ruby/gems/1.8/gems/rack-1.0.0/lib/rack/content_length.rb:13:in `call'
/usr/local/lib/ruby/gems/1.8/gems/rack-1.0.0/lib/rack/chunked.rb:15:in `call'
/usr/local/lib/ruby/gems/1.8/gems/rack-1.0.0/lib/rack/handler/mongrel.rb:61:in `process'
/usr/local/lib/ruby/gems/1.8/gems/mongrel-1.1.5/lib/mongrel.rb:159:in `process_client'
/usr/local/lib/ruby/gems/1.8/gems/mongrel-1.1.5/lib/mongrel.rb:158:in `each'
/usr/local/lib/ruby/gems/1.8/gems/mongrel-1.1.5/lib/mongrel.rb:158:in `process_client'
/usr/local/lib/ruby/gems/1.8/gems/mongrel-1.1.5/lib/mongrel.rb:285:in `run'
/usr/local/lib/ruby/gems/1.8/gems/mongrel-1.1.5/lib/mongrel.rb:285:in `initialize'
/usr/local/lib/ruby/gems/1.8/gems/mongrel-1.1.5/lib/mongrel.rb:285:in `new'
/usr/local/lib/ruby/gems/1.8/gems/mongrel-1.1.5/lib/mongrel.rb:285:in `run'
/usr/local/lib/ruby/gems/1.8/gems/mongrel-1.1.5/lib/mongrel.rb:268:in `initialize'
/usr/local/lib/ruby/gems/1.8/gems/mongrel-1.1.5/lib/mongrel.rb:268:in `new'
/usr/local/lib/ruby/gems/1.8/gems/mongrel-1.1.5/lib/mongrel.rb:268:in `run'
/usr/local/lib/ruby/gems/1.8/gems/rack-1.0.0/lib/rack/handler/mongrel.rb:34:in `run'
/usr/local/lib/ruby/gems/1.8/gems/shotgun-0.4/bin/shotgun:129
/usr/local/bin/shotgun:19:in `load'
/usr/local/bin/shotgun:19
::1 - - [28/Oct/2009 19:43:36] "GET /spell/debra HTTP/1.1" 500 17 0.0064
::1 - - [28/Oct/2009 19:43:36] "GET /spell/debra HTTP/1.1" 500 17 0.0086
Exception `SyntaxError' at ./views/spell.haml:14 - compile error
./views/spell.haml:14: syntax error, unexpected tIDENTIFIER, expecting ')'
_hamlout.format_script_false_true_fals...
        ^
Exception `SyntaxError' at /usr/local/lib/ruby/gems/1.8/gems/haml-2.2.5/lib/haml/engine.rb:177 - compile error
./views/spell.haml:14: syntax error, unexpected tIDENTIFIER, expecting ')'
_hamlout.format_script_false_true_fals...
        ^
SyntaxError - compile error
./views/spell.haml:14: syntax error, unexpected tIDENTIFIER, expecting ')'
_hamlout.format_script_false_true_fals...
        ^:
 views/spell.haml:14:in `render'
 application.rb:26:in `GET /spell/:phrase'
 /usr/local/bin/shotgun:19:in `load'
 /usr/local/bin/shotgun:19::1 - - [28/Oct/2009 19:43:54] "GET /spell/debra HTTP/1.1" 500 30 0.0063
::1 - - [28/Oct/2009 19:43:54] "GET /spell/debra HTTP/1.1" 500 30 0.0086
Exception `SyntaxError' at ./views/spell.haml:14 - compile error
./views/spell.haml:14: syntax error, unexpected tIDENTIFIER, expecting ')'
_hamlout.format_script_false_true_fals...
        ^
Exception `SyntaxError' at /usr/local/lib/ruby/gems/1.8/gems/haml-2.2.5/lib/haml/engine.rb:177 - compile error
./views/spell.haml:14: syntax error, unexpected tIDENTIFIER, expecting ')'
_hamlout.format_script_false_true_fals...
        ^
SyntaxError - compile error
./views/spell.haml:14: syntax error, unexpected tIDENTIFIER, expecting ')'
_hamlout.format_script_false_true_fals...
        ^:
 views/spell.haml:14:in `render'
 application.rb:26:in `GET /spell/:phrase'
 /usr/local/bin/shotgun:19:in `load'
 /usr/local/bin/shotgun:19./views/spell.haml:14:in `render'
/usr/local/lib/ruby/gems/1.8/gems/haml-2.2.5/lib/haml/engine.rb:167:in `render'
/usr/local/lib/ruby/gems/1.8/gems/haml-2.2.5/lib/haml/engine.rb:167:in `instance_eval'
/usr/local/lib/ruby/gems/1.8/gems/haml-2.2.5/lib/haml/engine.rb:167:in `render'
/usr/local/lib/ruby/gems/1.8/gems/sinatra-0.9.4/lib/sinatra/base.rb:323:in `render_haml'
/usr/local/lib/ruby/gems/1.8/gems/sinatra-0.9.4/lib/sinatra/base.rb:265:in `__send__'
/usr/local/lib/ruby/gems/1.8/gems/sinatra-0.9.4/lib/sinatra/base.rb:265:in `render'
/usr/local/lib/ruby/gems/1.8/gems/sinatra-0.9.4/lib/sinatra/compat.rb:131:in `render'
/usr/local/lib/ruby/gems/1.8/gems/sinatra-0.9.4/lib/sinatra/base.rb:234:in `haml'
./application.rb:26:in `GET /spell/:phrase'
/usr/local/lib/ruby/gems/1.8/gems/sinatra-0.9.4/lib/sinatra/base.rb:779:in `call'
/usr/local/lib/ruby/gems/1.8/gems/sinatra-0.9.4/lib/sinatra/base.rb:779:in `route'
/usr/local/lib/ruby/gems/1.8/gems/sinatra-0.9.4/lib/sinatra/base.rb:474:in `instance_eval'
/usr/local/lib/ruby/gems/1.8/gems/sinatra-0.9.4/lib/sinatra/base.rb:474:in `route_eval'
/usr/local/lib/ruby/gems/1.8/gems/sinatra-0.9.4/lib/sinatra/base.rb:463:in `route!'
/usr/local/lib/ruby/gems/1.8/gems/sinatra-0.9.4/lib/sinatra/base.rb:460:in `catch'
/usr/local/lib/ruby/gems/1.8/gems/sinatra-0.9.4/lib/sinatra/base.rb:460:in `route!'
/usr/local/lib/ruby/gems/1.8/gems/sinatra-0.9.4/lib/sinatra/base.rb:439:in `each'
/usr/local/lib/ruby/gems/1.8/gems/sinatra-0.9.4/lib/sinatra/base.rb:439:in `route!'
/usr/local/lib/ruby/gems/1.8/gems/sinatra-0.9.4/lib/sinatra/base.rb:555:in `dispatch!'
/usr/local/lib/ruby/gems/1.8/gems/sinatra-0.9.4/lib/sinatra/base.rb:375:in `call!'
/usr/local/lib/ruby/gems/1.8/gems/sinatra-0.9.4/lib/sinatra/base.rb:522:in `instance_eval'
/usr/local/lib/ruby/gems/1.8/gems/sinatra-0.9.4/lib/sinatra/base.rb:522:in `invoke'
/usr/local/lib/ruby/gems/1.8/gems/sinatra-0.9.4/lib/sinatra/base.rb:522:in `catch'
/usr/local/lib/ruby/gems/1.8/gems/sinatra-0.9.4/lib/sinatra/base.rb:522:in `invoke'
/usr/local/lib/ruby/gems/1.8/gems/sinatra-0.9.4/lib/sinatra/compat.rb:138:in `invoke'
/usr/local/lib/ruby/gems/1.8/gems/sinatra-0.9.4/lib/sinatra/base.rb:375:in `call!'
/usr/local/lib/ruby/gems/1.8/gems/sinatra-0.9.4/lib/sinatra/base.rb:364:in `call'
/usr/local/lib/ruby/gems/1.8/gems/rack-1.0.0/lib/rack/methodoverride.rb:24:in `call'
/usr/local/lib/ruby/gems/1.8/gems/rack-1.0.0/lib/rack/commonlogger.rb:20:in `_call'
/usr/local/lib/ruby/gems/1.8/gems/rack-1.0.0/lib/rack/commonlogger.rb:13:in `call'
/usr/local/lib/ruby/gems/1.8/gems/sinatra-0.9.4/lib/sinatra/base.rb:898:in `call'
/usr/local/lib/ruby/gems/1.8/gems/sinatra-0.9.4/lib/sinatra/base.rb:943:in `synchronize'
/usr/local/lib/ruby/gems/1.8/gems/sinatra-0.9.4/lib/sinatra/base.rb:898:in `call'
/usr/local/lib/ruby/gems/1.8/gems/rack-1.0.0/lib/rack/lint.rb:47:in `_call'
/usr/local/lib/ruby/gems/1.8/gems/rack-1.0.0/lib/rack/lint.rb:35:in `call'
/usr/local/lib/ruby/gems/1.8/gems/rack-1.0.0/lib/rack/showexceptions.rb:24:in `call'
/usr/local/lib/ruby/gems/1.8/gems/rack-1.0.0/lib/rack/commonlogger.rb:20:in `_call'
/usr/local/lib/ruby/gems/1.8/gems/rack-1.0.0/lib/rack/commonlogger.rb:13:in `call'
/usr/local/lib/ruby/gems/1.8/gems/shotgun-0.4/lib/shotgun.rb:61:in `proceed_as_child'
/usr/local/lib/ruby/gems/1.8/gems/shotgun-0.4/lib/shotgun.rb:29:in `call!'
/usr/local/lib/ruby/gems/1.8/gems/shotgun-0.4/lib/shotgun.rb:15:in `call'
/usr/local/lib/ruby/gems/1.8/gems/rack-1.0.0/lib/rack/content_length.rb:13:in `call'
/usr/local/lib/ruby/gems/1.8/gems/rack-1.0.0/lib/rack/chunked.rb:15:in `call'
/usr/local/lib/ruby/gems/1.8/gems/rack-1.0.0/lib/rack/handler/mongrel.rb:61:in `process'
/usr/local/lib/ruby/gems/1.8/gems/mongrel-1.1.5/lib/mongrel.rb:159:in `process_client'
/usr/local/lib/ruby/gems/1.8/gems/mongrel-1.1.5/lib/mongrel.rb:158:in `each'
/usr/local/lib/ruby/gems/1.8/gems/mongrel-1.1.5/lib/mongrel.rb:158:in `process_client'
/usr/local/lib/ruby/gems/1.8/gems/mongrel-1.1.5/lib/mongrel.rb:285:in `run'
/usr/local/lib/ruby/gems/1.8/gems/mongrel-1.1.5/lib/mongrel.rb:285:in `initialize'
/usr/local/lib/ruby/gems/1.8/gems/mongrel-1.1.5/lib/mongrel.rb:285:in `new'
/usr/local/lib/ruby/gems/1.8/gems/mongrel-1.1.5/lib/mongrel.rb:285:in `run'
/usr/local/lib/ruby/gems/1.8/gems/mongrel-1.1.5/lib/mongrel.rb:268:in `initialize'
/usr/local/lib/ruby/gems/1.8/gems/mongrel-1.1.5/lib/mongrel.rb:268:in `new'
/usr/local/lib/ruby/gems/1.8/gems/mongrel-1.1.5/lib/mongrel.rb:268:in `run'
/usr/local/lib/ruby/gems/1.8/gems/rack-1.0.0/lib/rack/handler/mongrel.rb:34:in `run'
/usr/local/lib/ruby/gems/1.8/gems/shotgun-0.4/bin/shotgun:129
/usr/local/bin/shotgun:19:in `load'
/usr/local/bin/shotgun:19
::1 - - [28/Oct/2009 19:44:13] "GET /spell/debra HTTP/1.1" 500 4676 0.0069
::1 - - [28/Oct/2009 19:44:13] "GET /spell/debra HTTP/1.1" 500 4676 0.0093
Exception `SyntaxError' at ./views/spell.haml:14 - compile error
./views/spell.haml:14: syntax error, unexpected tIDENTIFIER, expecting ')'
_hamlout.format_script_false_true_fals...
        ^
Exception `SyntaxError' at /usr/local/lib/ruby/gems/1.8/gems/haml-2.2.5/lib/haml/engine.rb:177 - compile error
./views/spell.haml:14: syntax error, unexpected tIDENTIFIER, expecting ')'
_hamlout.format_script_false_true_fals...
        ^
SyntaxError - compile error
./views/spell.haml:14: syntax error, unexpected tIDENTIFIER, expecting ')'
_hamlout.format_script_false_true_fals...
        ^:
 views/spell.haml:14:in `render'
 application.rb:26:in `GET /spell/:phrase'
 /usr/local/bin/shotgun:19:in `load'
 /usr/local/bin/shotgun:19./views/spell.haml:14:in `render'
/usr/local/lib/ruby/gems/1.8/gems/haml-2.2.5/lib/haml/engine.rb:167:in `render'
/usr/local/lib/ruby/gems/1.8/gems/haml-2.2.5/lib/haml/engine.rb:167:in `instance_eval'
/usr/local/lib/ruby/gems/1.8/gems/haml-2.2.5/lib/haml/engine.rb:167:in `render'
/usr/local/lib/ruby/gems/1.8/gems/sinatra-0.9.4/lib/sinatra/base.rb:323:in `render_haml'
/usr/local/lib/ruby/gems/1.8/gems/sinatra-0.9.4/lib/sinatra/base.rb:265:in `__send__'
/usr/local/lib/ruby/gems/1.8/gems/sinatra-0.9.4/lib/sinatra/base.rb:265:in `render'
/usr/local/lib/ruby/gems/1.8/gems/sinatra-0.9.4/lib/sinatra/compat.rb:131:in `render'
/usr/local/lib/ruby/gems/1.8/gems/sinatra-0.9.4/lib/sinatra/base.rb:234:in `haml'
./application.rb:26:in `GET /spell/:phrase'
/usr/local/lib/ruby/gems/1.8/gems/sinatra-0.9.4/lib/sinatra/base.rb:779:in `call'
/usr/local/lib/ruby/gems/1.8/gems/sinatra-0.9.4/lib/sinatra/base.rb:779:in `route'
/usr/local/lib/ruby/gems/1.8/gems/sinatra-0.9.4/lib/sinatra/base.rb:474:in `instance_eval'
/usr/local/lib/ruby/gems/1.8/gems/sinatra-0.9.4/lib/sinatra/base.rb:474:in `route_eval'
/usr/local/lib/ruby/gems/1.8/gems/sinatra-0.9.4/lib/sinatra/base.rb:463:in `route!'
/usr/local/lib/ruby/gems/1.8/gems/sinatra-0.9.4/lib/sinatra/base.rb:460:in `catch'
/usr/local/lib/ruby/gems/1.8/gems/sinatra-0.9.4/lib/sinatra/base.rb:460:in `route!'
/usr/local/lib/ruby/gems/1.8/gems/sinatra-0.9.4/lib/sinatra/base.rb:439:in `each'
/usr/local/lib/ruby/gems/1.8/gems/sinatra-0.9.4/lib/sinatra/base.rb:439:in `route!'
/usr/local/lib/ruby/gems/1.8/gems/sinatra-0.9.4/lib/sinatra/base.rb:555:in `dispatch!'
/usr/local/lib/ruby/gems/1.8/gems/sinatra-0.9.4/lib/sinatra/base.rb:375:in `call!'
/usr/local/lib/ruby/gems/1.8/gems/sinatra-0.9.4/lib/sinatra/base.rb:522:in `instance_eval'
/usr/local/lib/ruby/gems/1.8/gems/sinatra-0.9.4/lib/sinatra/base.rb:522:in `invoke'
/usr/local/lib/ruby/gems/1.8/gems/sinatra-0.9.4/lib/sinatra/base.rb:522:in `catch'
/usr/local/lib/ruby/gems/1.8/gems/sinatra-0.9.4/lib/sinatra/base.rb:522:in `invoke'
/usr/local/lib/ruby/gems/1.8/gems/sinatra-0.9.4/lib/sinatra/compat.rb:138:in `invoke'
/usr/local/lib/ruby/gems/1.8/gems/sinatra-0.9.4/lib/sinatra/base.rb:375:in `call!'
/usr/local/lib/ruby/gems/1.8/gems/sinatra-0.9.4/lib/sinatra/base.rb:364:in `call'
/usr/local/lib/ruby/gems/1.8/gems/rack-1.0.0/lib/rack/methodoverride.rb:24:in `call'
/usr/local/lib/ruby/gems/1.8/gems/rack-1.0.0/lib/rack/commonlogger.rb:20:in `_call'
/usr/local/lib/ruby/gems/1.8/gems/rack-1.0.0/lib/rack/commonlogger.rb:13:in `call'
/usr/local/lib/ruby/gems/1.8/gems/sinatra-0.9.4/lib/sinatra/base.rb:898:in `call'
/usr/local/lib/ruby/gems/1.8/gems/sinatra-0.9.4/lib/sinatra/base.rb:943:in `synchronize'
/usr/local/lib/ruby/gems/1.8/gems/sinatra-0.9.4/lib/sinatra/base.rb:898:in `call'
/usr/local/lib/ruby/gems/1.8/gems/rack-1.0.0/lib/rack/lint.rb:47:in `_call'
/usr/local/lib/ruby/gems/1.8/gems/rack-1.0.0/lib/rack/lint.rb:35:in `call'
/usr/local/lib/ruby/gems/1.8/gems/rack-1.0.0/lib/rack/showexceptions.rb:24:in `call'
/usr/local/lib/ruby/gems/1.8/gems/rack-1.0.0/lib/rack/commonlogger.rb:20:in `_call'
/usr/local/lib/ruby/gems/1.8/gems/rack-1.0.0/lib/rack/commonlogger.rb:13:in `call'
/usr/local/lib/ruby/gems/1.8/gems/shotgun-0.4/lib/shotgun.rb:61:in `proceed_as_child'
/usr/local/lib/ruby/gems/1.8/gems/shotgun-0.4/lib/shotgun.rb:29:in `call!'
/usr/local/lib/ruby/gems/1.8/gems/shotgun-0.4/lib/shotgun.rb:15:in `call'
/usr/local/lib/ruby/gems/1.8/gems/rack-1.0.0/lib/rack/content_length.rb:13:in `call'
/usr/local/lib/ruby/gems/1.8/gems/rack-1.0.0/lib/rack/chunked.rb:15:in `call'
/usr/local/lib/ruby/gems/1.8/gems/rack-1.0.0/lib/rack/handler/mongrel.rb:61:in `process'
/usr/local/lib/ruby/gems/1.8/gems/mongrel-1.1.5/lib/mongrel.rb:159:in `process_client'
/usr/local/lib/ruby/gems/1.8/gems/mongrel-1.1.5/lib/mongrel.rb:158:in `each'
/usr/local/lib/ruby/gems/1.8/gems/mongrel-1.1.5/lib/mongrel.rb:158:in `process_client'
/usr/local/lib/ruby/gems/1.8/gems/mongrel-1.1.5/lib/mongrel.rb:285:in `run'
/usr/local/lib/ruby/gems/1.8/gems/mongrel-1.1.5/lib/mongrel.rb:285:in `initialize'
/usr/local/lib/ruby/gems/1.8/gems/mongrel-1.1.5/lib/mongrel.rb:285:in `new'
/usr/local/lib/ruby/gems/1.8/gems/mongrel-1.1.5/lib/mongrel.rb:285:in `run'
/usr/local/lib/ruby/gems/1.8/gems/mongrel-1.1.5/lib/mongrel.rb:268:in `initialize'
/usr/local/lib/ruby/gems/1.8/gems/mongrel-1.1.5/lib/mongrel.rb:268:in `new'
/usr/local/lib/ruby/gems/1.8/gems/mongrel-1.1.5/lib/mongrel.rb:268:in `run'
/usr/local/lib/ruby/gems/1.8/gems/rack-1.0.0/lib/rack/handler/mongrel.rb:34:in `run'
/usr/local/lib/ruby/gems/1.8/gems/shotgun-0.4/bin/shotgun:129
/usr/local/bin/shotgun:19:in `load'
/usr/local/bin/shotgun:19
::1 - - [28/Oct/2009 19:44:44] "GET /spell/debra HTTP/1.1" 500 4676 0.0070
::1 - - [28/Oct/2009 19:44:44] "GET /spell/debra HTTP/1.1" 500 4676 0.0102
Exception `SyntaxError' at ./views/spell.haml:14 - compile error
./views/spell.haml:14: syntax error, unexpected tIDENTIFIER, expecting ')'
_hamlout.format_script_false_true_fals...
        ^
Exception `SyntaxError' at /usr/local/lib/ruby/gems/1.8/gems/haml-2.2.5/lib/haml/engine.rb:177 - compile error
./views/spell.haml:14: syntax error, unexpected tIDENTIFIER, expecting ')'
_hamlout.format_script_false_true_fals...
        ^
SyntaxError - compile error
./views/spell.haml:14: syntax error, unexpected tIDENTIFIER, expecting ')'
_hamlout.format_script_false_true_fals...
        ^:
 views/spell.haml:14:in `render'
 application.rb:26:in `GET /spell/:phrase'
 /usr/local/bin/shotgun:19:in `load'
 /usr/local/bin/shotgun:19::1 - - [28/Oct/2009 19:45:46] "GET /spell/debra HTTP/1.1" 500 30 0.0060
::1 - - [28/Oct/2009 19:45:46] "GET /spell/debra HTTP/1.1" 500 30 0.0083
